<?xml version="1.0" encoding="UTF-8"?>
<!-- Generated by org.testng.reporters.JUnitReportReporter -->
<testsuite hostname="TGC-VRGNR-074" failures="0" tests="2" name="saucelab.tests.TestScenario" time="4.067" errors="1" timestamp="04 Sep 2023 08:30:35 GMT" skipped="0">
  <testcase classname="saucelab.tests.TestScenario" name="login" time="4.058"/>
  <testcase classname="saucelab.tests.TestScenario" name="tearDown" time="0.009">
    <error type="java.lang.StackOverflowError">
      <![CDATA[java.lang.StackOverflowError
at saucelab.tests.TestScenario.tearDown(TestScenario.java:33)
at saucelab.tests.TestScenario.tearDown(TestScenario.java:33)
at saucelab.tests.TestScenario.tearDown(TestScenario.java:33)
at saucelab.tests.TestScenario.tearDown(TestScenario.java:33)
at saucelab.tests.TestScenario.tearDown(TestScenario.java:33)
at saucelab.tests.TestScenario.tearDown(TestScenario.java:33)
at saucelab.tests.TestScenario.tearDown(TestScenario.java:33)
at saucelab.tests.TestScenario.tearDown(TestScenario.java:33)
at saucelab.tests.TestScenario.tearDown(TestScenario.java:33)
at saucelab.tests.TestScenario.tearDown(TestScenario.java:33)
at saucelab.tests.TestScenario.tearDown(TestScenario.java:33)
at saucelab.tests.TestScenario.tearDown(TestScenario.java:33)
at saucelab.tests.TestScenario.tearDown(TestScenario.java:33)
at saucelab.tests.TestScenario.tearDown(TestScenario.java:33)
at saucelab.tests.TestScenario.tearDown(TestScenario.java:33)
at saucelab.tests.TestScenario.tearDown(TestScenario.java:33)
at saucelab.tests.TestScenario.tearDown(TestScenario.java:33)
at saucelab.tests.TestScenario.tearDown(TestScenario.java:33)
at saucelab.tests.TestScenario.tearDown(TestScenario.java:33)
at saucelab.tests.TestScenario.tearDown(TestScenario.java:33)
at saucelab.tests.TestScenario.tearDown(TestScenario.java:33)
at saucelab.tests.TestScenario.tearDown(TestScenario.java:33)
at saucelab.tests.TestScenario.tearDown(TestScenario.java:33)
at saucelab.tests.TestScenario.tearDown(TestScenario.java:33)
at saucelab.tests.TestScenario.tearDown(TestScenario.java:33)
at saucelab.tests.TestScenario.tearDown(TestScenario.java:33)
at saucelab.tests.TestScenario.tearDown(TestScenario.java:33)
at saucelab.tests.TestScenario.tearDown(TestScenario.java:33)
at saucelab.tests.TestScenario.tearDown(TestScenario.java:33)
at saucelab.tests.TestScenario.tearDown(TestScenario.java:33)
at saucelab.tests.TestScenario.tearDown(TestScenario.java:33)
at saucelab.tests.TestScenario.tearDown(TestScenario.java:33)
at saucelab.tests.TestScenario.tearDown(TestScenario.java:33)
at saucelab.tests.TestScenario.tearDown(TestScenario.java:33)
at saucelab.tests.TestScenario.tearDown(TestScenario.java:33)
at saucelab.tests.TestScenario.tearDown(TestScenario.java:33)
at saucelab.tests.TestScenario.tearDown(TestScenario.java:33)
at saucelab.tests.TestScenario.tearDown(TestScenario.java:33)
at saucelab.tests.TestScenario.tearDown(TestScenario.java:33)
at saucelab.tests.TestScenario.tearDown(TestScenario.java:33)
at saucelab.tests.TestScenario.tearDown(TestScenario.java:33)
at saucelab.tests.TestScenario.tearDown(TestScenario.java:33)
at saucelab.tests.TestScenario.tearDown(TestScenario.java:33)
at saucelab.tests.TestScenario.tearDown(TestScenario.java:33)
at saucelab.tests.TestScenario.tearDown(TestScenario.java:33)
at saucelab.tests.TestScenario.tearDown(TestScenario.java:33)
at saucelab.tests.TestScenario.tearDown(TestScenario.java:33)
at saucelab.tests.TestScenario.tearDown(TestScenario.java:33)
at saucelab.tests.TestScenario.tearDown(TestScenario.java:33)
at saucelab.tests.TestScenario.tearDown(TestScenario.java:33)
at saucelab.tests.TestScenario.tearDown(TestScenario.java:33)
at saucelab.tests.TestScenario.tearDown(TestScenario.java:33)
at saucelab.tests.TestScenario.tearDown(TestScenario.java:33)
at saucelab.tests.TestScenario.tearDown(TestScenario.java:33)
at saucelab.tests.TestScenario.tearDown(TestScenario.java:33)
at saucelab.tests.TestScenario.tearDown(TestScenario.java:33)
at saucelab.tests.TestScenario.tearDown(TestScenario.java:33)
at saucelab.tests.TestScenario.tearDown(TestScenario.java:33)
at saucelab.tests.TestScenario.tearDown(TestScenario.java:33)
at saucelab.tests.TestScenario.tearDown(TestScenario.java:33)
at saucelab.tests.TestScenario.tearDown(TestScenario.java:33)
at saucelab.tests.TestScenario.tearDown(TestScenario.java:33)
at saucelab.tests.TestScenario.tearDown(TestScenario.java:33)
at saucelab.tests.TestScenario.tearDown(TestScenario.java:33)
at saucelab.tests.TestScenario.tearDown(TestScenario.java:33)
at saucelab.tests.TestScenario.tearDown(TestScenario.java:33)
at saucelab.tests.TestScenario.tearDown(TestScenario.java:33)
at saucelab.tests.TestScenario.tearDown(TestScenario.java:33)
at saucelab.tests.TestScenario.tearDown(TestScenario.java:33)
at saucelab.tests.TestScenario.tearDown(TestScenario.java:33)
at saucelab.tests.TestScenario.tearDown(TestScenario.java:33)
at saucelab.tests.TestScenario.tearDown(TestScenario.java:33)
at saucelab.tests.TestScenario.tearDown(TestScenario.java:33)
at saucelab.tests.TestScenario.tearDown(TestScenario.java:33)
at saucelab.tests.TestScenario.tearDown(TestScenario.java:33)
at saucelab.tests.TestScenario.tearDown(TestScenario.java:33)
at saucelab.tests.TestScenario.tearDown(TestScenario.java:33)
at saucelab.tests.TestScenario.tearDown(TestScenario.java:33)
at saucelab.tests.TestScenario.tearDown(TestScenario.java:33)
at saucelab.tests.TestScenario.tearDown(TestScenario.java:33)
at saucelab.tests.TestScenario.tearDown(TestScenario.java:33)
at saucelab.tests.TestScenario.tearDown(TestScenario.java:33)
at saucelab.tests.TestScenario.tearDown(TestScenario.java:33)
at saucelab.tests.TestScenario.tearDown(TestScenario.java:33)
at saucelab.tests.TestScenario.tearDown(TestScenario.java:33)
at saucelab.tests.TestScenario.tearDown(TestScenario.java:33)
at saucelab.tests.TestScenario.tearDown(TestScenario.java:33)
at saucelab.tests.TestScenario.tearDown(TestScenario.java:33)
at saucelab.tests.TestScenario.tearDown(TestScenario.java:33)
at saucelab.tests.TestScenario.tearDown(TestScenario.java:33)
at saucelab.tests.TestScenario.tearDown(TestScenario.java:33)
at saucelab.tests.TestScenario.tearDown(TestScenario.java:33)
at saucelab.tests.TestScenario.tearDown(TestScenario.java:33)
at saucelab.tests.TestScenario.tearDown(TestScenario.java:33)
at saucelab.tests.TestScenario.tearDown(TestScenario.java:33)
at saucelab.tests.TestScenario.tearDown(TestScenario.java:33)
at saucelab.tests.TestScenario.tearDown(TestScenario.java:33)
at saucelab.tests.TestScenario.tearDown(TestScenario.java:33)
at saucelab.tests.TestScenario.tearDown(TestScenario.java:33)
at saucelab.tests.TestScenario.tearDown(TestScenario.java:33)
at saucelab.tests.TestScenario.tearDown(TestScenario.java:33)
at saucelab.tests.TestScenario.tearDown(TestScenario.java:33)
at saucelab.tests.TestScenario.tearDown(TestScenario.java:33)
at saucelab.tests.TestScenario.tearDown(TestScenario.java:33)
at saucelab.tests.TestScenario.tearDown(TestScenario.java:33)
at saucelab.tests.TestScenario.tearDown(TestScenario.java:33)
at saucelab.tests.TestScenario.tearDown(TestScenario.java:33)
at saucelab.tests.TestScenario.tearDown(TestScenario.java:33)
at saucelab.tests.TestScenario.tearDown(TestScenario.java:33)
at saucelab.tests.TestScenario.tearDown(TestScenario.java:33)
at saucelab.tests.TestScenario.tearDown(TestScenario.java:33)
at saucelab.tests.TestScenario.tearDown(TestScenario.java:33)
at saucelab.tests.TestScenario.tearDown(TestScenario.java:33)
at saucelab.tests.TestScenario.tearDown(TestScenario.java:33)
at saucelab.tests.TestScenario.tearDown(TestScenario.java:33)
at saucelab.tests.TestScenario.tearDown(TestScenario.java:33)
at saucelab.tests.TestScenario.tearDown(TestScenario.java:33)
at saucelab.tests.TestScenario.tearDown(TestScenario.java:33)
at saucelab.tests.TestScenario.tearDown(TestScenario.java:33)
at saucelab.tests.TestScenario.tearDown(TestScenario.java:33)
at saucelab.tests.TestScenario.tearDown(TestScenario.java:33)
at saucelab.tests.TestScenario.tearDown(TestScenario.java:33)
at saucelab.tests.TestScenario.tearDown(TestScenario.java:33)
at saucelab.tests.TestScenario.tearDown(TestScenario.java:33)
at saucelab.tests.TestScenario.tearDown(TestScenario.java:33)
at saucelab.tests.TestScenario.tearDown(TestScenario.java:33)
at saucelab.tests.TestScenario.tearDown(TestScenario.java:33)
at saucelab.tests.TestScenario.tearDown(TestScenario.java:33)
at saucelab.tests.TestScenario.tearDown(TestScenario.java:33)
at saucelab.tests.TestScenario.tearDown(TestScenario.java:33)
at saucelab.tests.TestScenario.tearDown(TestScenario.java:33)
at saucelab.tests.TestScenario.tearDown(TestScenario.java:33)
at saucelab.tests.TestScenario.tearDown(TestScenario.java:33)
at saucelab.tests.TestScenario.tearDown(TestScenario.java:33)
at saucelab.tests.TestScenario.tearDown(TestScenario.java:33)
at saucelab.tests.TestScenario.tearDown(TestScenario.java:33)
at saucelab.tests.TestScenario.tearDown(TestScenario.java:33)
at saucelab.tests.TestScenario.tearDown(TestScenario.java:33)
at saucelab.tests.TestScenario.tearDown(TestScenario.java:33)
at saucelab.tests.TestScenario.tearDown(TestScenario.java:33)
at saucelab.tests.TestScenario.tearDown(TestScenario.java:33)
at saucelab.tests.TestScenario.tearDown(TestScenario.java:33)
at saucelab.tests.TestScenario.tearDown(TestScenario.java:33)
at saucelab.tests.TestScenario.tearDown(TestScenario.java:33)
at saucelab.tests.TestScenario.tearDown(TestScenario.java:33)
at saucelab.tests.TestScenario.tearDown(TestScenario.java:33)
at saucelab.tests.TestScenario.tearDown(TestScenario.java:33)
at saucelab.tests.TestScenario.tearDown(TestScenario.java:33)
at saucelab.tests.TestScenario.tearDown(TestScenario.java:33)
at saucelab.tests.TestScenario.tearDown(TestScenario.java:33)
at saucelab.tests.TestScenario.tearDown(TestScenario.java:33)
at saucelab.tests.TestScenario.tearDown(TestScenario.java:33)
at saucelab.tests.TestScenario.tearDown(TestScenario.java:33)
at saucelab.tests.TestScenario.tearDown(TestScenario.java:33)
at saucelab.tests.TestScenario.tearDown(TestScenario.java:33)
at saucelab.tests.TestScenario.tearDown(TestScenario.java:33)
at saucelab.tests.TestScenario.tearDown(TestScenario.java:33)
at saucelab.tests.TestScenario.tearDown(TestScenario.java:33)
at saucelab.tests.TestScenario.tearDown(TestScenario.java:33)
at saucelab.tests.TestScenario.tearDown(TestScenario.java:33)
at saucelab.tests.TestScenario.tearDown(TestScenario.java:33)
at saucelab.tests.TestScenario.tearDown(TestScenario.java:33)
at saucelab.tests.TestScenario.tearDown(TestScenario.java:33)
at saucelab.tests.TestScenario.tearDown(TestScenario.java:33)
at saucelab.tests.TestScenario.tearDown(TestScenario.java:33)
at saucelab.tests.TestScenario.tearDown(TestScenario.java:33)
at saucelab.tests.TestScenario.tearDown(TestScenario.java:33)
at saucelab.tests.TestScenario.tearDown(TestScenario.java:33)
at saucelab.tests.TestScenario.tearDown(TestScenario.java:33)
at saucelab.tests.TestScenario.tearDown(TestScenario.java:33)
at saucelab.tests.TestScenario.tearDown(TestScenario.java:33)
at saucelab.tests.TestScenario.tearDown(TestScenario.java:33)
at saucelab.tests.TestScenario.tearDown(TestScenario.java:33)
at saucelab.tests.TestScenario.tearDown(TestScenario.java:33)
at saucelab.tests.TestScenario.tearDown(TestScenario.java:33)
at saucelab.tests.TestScenario.tearDown(TestScenario.java:33)
at saucelab.tests.TestScenario.tearDown(TestScenario.java:33)
at saucelab.tests.TestScenario.tearDown(TestScenario.java:33)
at saucelab.tests.TestScenario.tearDown(TestScenario.java:33)
at saucelab.tests.TestScenario.tearDown(TestScenario.java:33)
at saucelab.tests.TestScenario.tearDown(TestScenario.java:33)
at saucelab.tests.TestScenario.tearDown(TestScenario.java:33)
at saucelab.tests.TestScenario.tearDown(TestScenario.java:33)
at saucelab.tests.TestScenario.tearDown(TestScenario.java:33)
at saucelab.tests.TestScenario.tearDown(TestScenario.java:33)
at saucelab.tests.TestScenario.tearDown(TestScenario.java:33)
at saucelab.tests.TestScenario.tearDown(TestScenario.java:33)
at saucelab.tests.TestScenario.tearDown(TestScenario.java:33)
at saucelab.tests.TestScenario.tearDown(TestScenario.java:33)
at saucelab.tests.TestScenario.tearDown(TestScenario.java:33)
at saucelab.tests.TestScenario.tearDown(TestScenario.java:33)
at saucelab.tests.TestScenario.tearDown(TestScenario.java:33)
at saucelab.tests.TestScenario.tearDown(TestScenario.java:33)
at saucelab.tests.TestScenario.tearDown(TestScenario.java:33)
at saucelab.tests.TestScenario.tearDown(TestScenario.java:33)
at saucelab.tests.TestScenario.tearDown(TestScenario.java:33)
at saucelab.tests.TestScenario.tearDown(TestScenario.java:33)
at saucelab.tests.TestScenario.tearDown(TestScenario.java:33)
at saucelab.tests.TestScenario.tearDown(TestScenario.java:33)
at saucelab.tests.TestScenario.tearDown(TestScenario.java:33)
at saucelab.tests.TestScenario.tearDown(TestScenario.java:33)
at saucelab.tests.TestScenario.tearDown(TestScenario.java:33)
at saucelab.tests.TestScenario.tearDown(TestScenario.java:33)
at saucelab.tests.TestScenario.tearDown(TestScenario.java:33)
at saucelab.tests.TestScenario.tearDown(TestScenario.java:33)
at saucelab.tests.TestScenario.tearDown(TestScenario.java:33)
at saucelab.tests.TestScenario.tearDown(TestScenario.java:33)
at saucelab.tests.TestScenario.tearDown(TestScenario.java:33)
at saucelab.tests.TestScenario.tearDown(TestScenario.java:33)
at saucelab.tests.TestScenario.tearDown(TestScenario.java:33)
at saucelab.tests.TestScenario.tearDown(TestScenario.java:33)
at saucelab.tests.TestScenario.tearDown(TestScenario.java:33)
at saucelab.tests.TestScenario.tearDown(TestScenario.java:33)
at saucelab.tests.TestScenario.tearDown(TestScenario.java:33)
at saucelab.tests.TestScenario.tearDown(TestScenario.java:33)
at saucelab.tests.TestScenario.tearDown(TestScenario.java:33)
at saucelab.tests.TestScenario.tearDown(TestScenario.java:33)
at saucelab.tests.TestScenario.tearDown(TestScenario.java:33)
at saucelab.tests.TestScenario.tearDown(TestScenario.java:33)
at saucelab.tests.TestScenario.tearDown(TestScenario.java:33)
at saucelab.tests.TestScenario.tearDown(TestScenario.java:33)
at saucelab.tests.TestScenario.tearDown(TestScenario.java:33)
at saucelab.tests.TestScenario.tearDown(TestScenario.java:33)
at saucelab.tests.TestScenario.tearDown(TestScenario.java:33)
at saucelab.tests.TestScenario.tearDown(TestScenario.java:33)
at saucelab.tests.TestScenario.tearDown(TestScenario.java:33)
at saucelab.tests.TestScenario.tearDown(TestScenario.java:33)
at saucelab.tests.TestScenario.tearDown(TestScenario.java:33)
at saucelab.tests.TestScenario.tearDown(TestScenario.java:33)
at saucelab.tests.TestScenario.tearDown(TestScenario.java:33)
at saucelab.tests.TestScenario.tearDown(TestScenario.java:33)
at saucelab.tests.TestScenario.tearDown(TestScenario.java:33)
at saucelab.tests.TestScenario.tearDown(TestScenario.java:33)
at saucelab.tests.TestScenario.tearDown(TestScenario.java:33)
at saucelab.tests.TestScenario.tearDown(TestScenario.java:33)
at saucelab.tests.TestScenario.tearDown(TestScenario.java:33)
at saucelab.tests.TestScenario.tearDown(TestScenario.java:33)
at saucelab.tests.TestScenario.tearDown(TestScenario.java:33)
at saucelab.tests.TestScenario.tearDown(TestScenario.java:33)
at saucelab.tests.TestScenario.tearDown(TestScenario.java:33)
at saucelab.tests.TestScenario.tearDown(TestScenario.java:33)
at saucelab.tests.TestScenario.tearDown(TestScenario.java:33)
at saucelab.tests.TestScenario.tearDown(TestScenario.java:33)
at saucelab.tests.TestScenario.tearDown(TestScenario.java:33)
at saucelab.tests.TestScenario.tearDown(TestScenario.java:33)
at saucelab.tests.TestScenario.tearDown(TestScenario.java:33)
at saucelab.tests.TestScenario.tearDown(TestScenario.java:33)
at saucelab.tests.TestScenario.tearDown(TestScenario.java:33)
at saucelab.tests.TestScenario.tearDown(TestScenario.java:33)
at saucelab.tests.TestScenario.tearDown(TestScenario.java:33)
at saucelab.tests.TestScenario.tearDown(TestScenario.java:33)
at saucelab.tests.TestScenario.tearDown(TestScenario.java:33)
at saucelab.tests.TestScenario.tearDown(TestScenario.java:33)
at saucelab.tests.TestScenario.tearDown(TestScenario.java:33)
at saucelab.tests.TestScenario.tearDown(TestScenario.java:33)
at saucelab.tests.TestScenario.tearDown(TestScenario.java:33)
at saucelab.tests.TestScenario.tearDown(TestScenario.java:33)
at saucelab.tests.TestScenario.tearDown(TestScenario.java:33)
at saucelab.tests.TestScenario.tearDown(TestScenario.java:33)
at saucelab.tests.TestScenario.tearDown(TestScenario.java:33)
at saucelab.tests.TestScenario.tearDown(TestScenario.java:33)
at saucelab.tests.TestScenario.tearDown(TestScenario.java:33)
at saucelab.tests.TestScenario.tearDown(TestScenario.java:33)
at saucelab.tests.TestScenario.tearDown(TestScenario.java:33)
at saucelab.tests.TestScenario.tearDown(TestScenario.java:33)
at saucelab.tests.TestScenario.tearDown(TestScenario.java:33)
at saucelab.tests.TestScenario.tearDown(TestScenario.java:33)
at saucelab.tests.TestScenario.tearDown(TestScenario.java:33)
at saucelab.tests.TestScenario.tearDown(TestScenario.java:33)
at saucelab.tests.TestScenario.tearDown(TestScenario.java:33)
at saucelab.tests.TestScenario.tearDown(TestScenario.java:33)
at saucelab.tests.TestScenario.tearDown(TestScenario.java:33)
at saucelab.tests.TestScenario.tearDown(TestScenario.java:33)
at saucelab.tests.TestScenario.tearDown(TestScenario.java:33)
at saucelab.tests.TestScenario.tearDown(TestScenario.java:33)
at saucelab.tests.TestScenario.tearDown(TestScenario.java:33)
at saucelab.tests.TestScenario.tearDown(TestScenario.java:33)
at saucelab.tests.TestScenario.tearDown(TestScenario.java:33)
at saucelab.tests.TestScenario.tearDown(TestScenario.java:33)
at saucelab.tests.TestScenario.tearDown(TestScenario.java:33)
at saucelab.tests.TestScenario.tearDown(TestScenario.java:33)
at saucelab.tests.TestScenario.tearDown(TestScenario.java:33)
at saucelab.tests.TestScenario.tearDown(TestScenario.java:33)
at saucelab.tests.TestScenario.tearDown(TestScenario.java:33)
at saucelab.tests.TestScenario.tearDown(TestScenario.java:33)
at saucelab.tests.TestScenario.tearDown(TestScenario.java:33)
at saucelab.tests.TestScenario.tearDown(TestScenario.java:33)
at saucelab.tests.TestScenario.tearDown(TestScenario.java:33)
at saucelab.tests.TestScenario.tearDown(TestScenario.java:33)
at saucelab.tests.TestScenario.tearDown(TestScenario.java:33)
at saucelab.tests.TestScenario.tearDown(TestScenario.java:33)
at saucelab.tests.TestScenario.tearDown(TestScenario.java:33)
at saucelab.tests.TestScenario.tearDown(TestScenario.java:33)
at saucelab.tests.TestScenario.tearDown(TestScenario.java:33)
at saucelab.tests.TestScenario.tearDown(TestScenario.java:33)
at saucelab.tests.TestScenario.tearDown(TestScenario.java:33)
at saucelab.tests.TestScenario.tearDown(TestScenario.java:33)
at saucelab.tests.TestScenario.tearDown(TestScenario.java:33)
at saucelab.tests.TestScenario.tearDown(TestScenario.java:33)
at saucelab.tests.TestScenario.tearDown(TestScenario.java:33)
at saucelab.tests.TestScenario.tearDown(TestScenario.java:33)
at saucelab.tests.TestScenario.tearDown(TestScenario.java:33)
at saucelab.tests.TestScenario.tearDown(TestScenario.java:33)
at saucelab.tests.TestScenario.tearDown(TestScenario.java:33)
at saucelab.tests.TestScenario.tearDown(TestScenario.java:33)
at saucelab.tests.TestScenario.tearDown(TestScenario.java:33)
at saucelab.tests.TestScenario.tearDown(TestScenario.java:33)
at saucelab.tests.TestScenario.tearDown(TestScenario.java:33)
at saucelab.tests.TestScenario.tearDown(TestScenario.java:33)
at saucelab.tests.TestScenario.tearDown(TestScenario.java:33)
at saucelab.tests.TestScenario.tearDown(TestScenario.java:33)
at saucelab.tests.TestScenario.tearDown(TestScenario.java:33)
at saucelab.tests.TestScenario.tearDown(TestScenario.java:33)
at saucelab.tests.TestScenario.tearDown(TestScenario.java:33)
at saucelab.tests.TestScenario.tearDown(TestScenario.java:33)
at saucelab.tests.TestScenario.tearDown(TestScenario.java:33)
at saucelab.tests.TestScenario.tearDown(TestScenario.java:33)
at saucelab.tests.TestScenario.tearDown(TestScenario.java:33)
at saucelab.tests.TestScenario.tearDown(TestScenario.java:33)
at saucelab.tests.TestScenario.tearDown(TestScenario.java:33)
at saucelab.tests.TestScenario.tearDown(TestScenario.java:33)
at saucelab.tests.TestScenario.tearDown(TestScenario.java:33)
at saucelab.tests.TestScenario.tearDown(TestScenario.java:33)
at saucelab.tests.TestScenario.tearDown(TestScenario.java:33)
at saucelab.tests.TestScenario.tearDown(TestScenario.java:33)
at saucelab.tests.TestScenario.tearDown(TestScenario.java:33)
at saucelab.tests.TestScenario.tearDown(TestScenario.java:33)
at saucelab.tests.TestScenario.tearDown(TestScenario.java:33)
at saucelab.tests.TestScenario.tearDown(TestScenario.java:33)
at saucelab.tests.TestScenario.tearDown(TestScenario.java:33)
at saucelab.tests.TestScenario.tearDown(TestScenario.java:33)
at saucelab.tests.TestScenario.tearDown(TestScenario.java:33)
at saucelab.tests.TestScenario.tearDown(TestScenario.java:33)
at saucelab.tests.TestScenario.tearDown(TestScenario.java:33)
at saucelab.tests.TestScenario.tearDown(TestScenario.java:33)
at saucelab.tests.TestScenario.tearDown(TestScenario.java:33)
at saucelab.tests.TestScenario.tearDown(TestScenario.java:33)
at saucelab.tests.TestScenario.tearDown(TestScenario.java:33)
at saucelab.tests.TestScenario.tearDown(TestScenario.java:33)
at saucelab.tests.TestScenario.tearDown(TestScenario.java:33)
at saucelab.tests.TestScenario.tearDown(TestScenario.java:33)
at saucelab.tests.TestScenario.tearDown(TestScenario.java:33)
at saucelab.tests.TestScenario.tearDown(TestScenario.java:33)
at saucelab.tests.TestScenario.tearDown(TestScenario.java:33)
at saucelab.tests.TestScenario.tearDown(TestScenario.java:33)
at saucelab.tests.TestScenario.tearDown(TestScenario.java:33)
at saucelab.tests.TestScenario.tearDown(TestScenario.java:33)
at saucelab.tests.TestScenario.tearDown(TestScenario.java:33)
at saucelab.tests.TestScenario.tearDown(TestScenario.java:33)
at saucelab.tests.TestScenario.tearDown(TestScenario.java:33)
at saucelab.tests.TestScenario.tearDown(TestScenario.java:33)
at saucelab.tests.TestScenario.tearDown(TestScenario.java:33)
at saucelab.tests.TestScenario.tearDown(TestScenario.java:33)
at saucelab.tests.TestScenario.tearDown(TestScenario.java:33)
at saucelab.tests.TestScenario.tearDown(TestScenario.java:33)
at saucelab.tests.TestScenario.tearDown(TestScenario.java:33)
at saucelab.tests.TestScenario.tearDown(TestScenario.java:33)
at saucelab.tests.TestScenario.tearDown(TestScenario.java:33)
at saucelab.tests.TestScenario.tearDown(TestScenario.java:33)
at saucelab.tests.TestScenario.tearDown(TestScenario.java:33)
at saucelab.tests.TestScenario.tearDown(TestScenario.java:33)
at saucelab.tests.TestScenario.tearDown(TestScenario.java:33)
at saucelab.tests.TestScenario.tearDown(TestScenario.java:33)
at saucelab.tests.TestScenario.tearDown(TestScenario.java:33)
at saucelab.tests.TestScenario.tearDown(TestScenario.java:33)
at saucelab.tests.TestScenario.tearDown(TestScenario.java:33)
at saucelab.tests.TestScenario.tearDown(TestScenario.java:33)
at saucelab.tests.TestScenario.tearDown(TestScenario.java:33)
at saucelab.tests.TestScenario.tearDown(TestScenario.java:33)
at saucelab.tests.TestScenario.tearDown(TestScenario.java:33)
at saucelab.tests.TestScenario.tearDown(TestScenario.java:33)
at saucelab.tests.TestScenario.tearDown(TestScenario.java:33)
at saucelab.tests.TestScenario.tearDown(TestScenario.java:33)
at saucelab.tests.TestScenario.tearDown(TestScenario.java:33)
at saucelab.tests.TestScenario.tearDown(TestScenario.java:33)
at saucelab.tests.TestScenario.tearDown(TestScenario.java:33)
at saucelab.tests.TestScenario.tearDown(TestScenario.java:33)
at saucelab.tests.TestScenario.tearDown(TestScenario.java:33)
at saucelab.tests.TestScenario.tearDown(TestScenario.java:33)
at saucelab.tests.TestScenario.tearDown(TestScenario.java:33)
at saucelab.tests.TestScenario.tearDown(TestScenario.java:33)
at saucelab.tests.TestScenario.tearDown(TestScenario.java:33)
at saucelab.tests.TestScenario.tearDown(TestScenario.java:33)
at saucelab.tests.TestScenario.tearDown(TestScenario.java:33)
at saucelab.tests.TestScenario.tearDown(TestScenario.java:33)
at saucelab.tests.TestScenario.tearDown(TestScenario.java:33)
at saucelab.tests.TestScenario.tearDown(TestScenario.java:33)
at saucelab.tests.TestScenario.tearDown(TestScenario.java:33)
at saucelab.tests.TestScenario.tearDown(TestScenario.java:33)
at saucelab.tests.TestScenario.tearDown(TestScenario.java:33)
at saucelab.tests.TestScenario.tearDown(TestScenario.java:33)
at saucelab.tests.TestScenario.tearDown(TestScenario.java:33)
at saucelab.tests.TestScenario.tearDown(TestScenario.java:33)
at saucelab.tests.TestScenario.tearDown(TestScenario.java:33)
at saucelab.tests.TestScenario.tearDown(TestScenario.java:33)
at saucelab.tests.TestScenario.tearDown(TestScenario.java:33)
at saucelab.tests.TestScenario.tearDown(TestScenario.java:33)
at saucelab.tests.TestScenario.tearDown(TestScenario.java:33)
at saucelab.tests.TestScenario.tearDown(TestScenario.java:33)
at saucelab.tests.TestScenario.tearDown(TestScenario.java:33)
at saucelab.tests.TestScenario.tearDown(TestScenario.java:33)
at saucelab.tests.TestScenario.tearDown(TestScenario.java:33)
at saucelab.tests.TestScenario.tearDown(TestScenario.java:33)
at saucelab.tests.TestScenario.tearDown(TestScenario.java:33)
at saucelab.tests.TestScenario.tearDown(TestScenario.java:33)
at saucelab.tests.TestScenario.tearDown(TestScenario.java:33)
at saucelab.tests.TestScenario.tearDown(TestScenario.java:33)
at saucelab.tests.TestScenario.tearDown(TestScenario.java:33)
at saucelab.tests.TestScenario.tearDown(TestScenario.java:33)
at saucelab.tests.TestScenario.tearDown(TestScenario.java:33)
at saucelab.tests.TestScenario.tearDown(TestScenario.java:33)
at saucelab.tests.TestScenario.tearDown(TestScenario.java:33)
at saucelab.tests.TestScenario.tearDown(TestScenario.java:33)
at saucelab.tests.TestScenario.tearDown(TestScenario.java:33)
at saucelab.tests.TestScenario.tearDown(TestScenario.java:33)
at saucelab.tests.TestScenario.tearDown(TestScenario.java:33)
at saucelab.tests.TestScenario.tearDown(TestScenario.java:33)
at saucelab.tests.TestScenario.tearDown(TestScenario.java:33)
at saucelab.tests.TestScenario.tearDown(TestScenario.java:33)
at saucelab.tests.TestScenario.tearDown(TestScenario.java:33)
at saucelab.tests.TestScenario.tearDown(TestScenario.java:33)
at saucelab.tests.TestScenario.tearDown(TestScenario.java:33)
at saucelab.tests.TestScenario.tearDown(TestScenario.java:33)
at saucelab.tests.TestScenario.tearDown(TestScenario.java:33)
at saucelab.tests.TestScenario.tearDown(TestScenario.java:33)
at saucelab.tests.TestScenario.tearDown(TestScenario.java:33)
at saucelab.tests.TestScenario.tearDown(TestScenario.java:33)
at saucelab.tests.TestScenario.tearDown(TestScenario.java:33)
at saucelab.tests.TestScenario.tearDown(TestScenario.java:33)
at saucelab.tests.TestScenario.tearDown(TestScenario.java:33)
at saucelab.tests.TestScenario.tearDown(TestScenario.java:33)
at saucelab.tests.TestScenario.tearDown(TestScenario.java:33)
at saucelab.tests.TestScenario.tearDown(TestScenario.java:33)
at saucelab.tests.TestScenario.tearDown(TestScenario.java:33)
at saucelab.tests.TestScenario.tearDown(TestScenario.java:33)
at saucelab.tests.TestScenario.tearDown(TestScenario.java:33)
at saucelab.tests.TestScenario.tearDown(TestScenario.java:33)
at saucelab.tests.TestScenario.tearDown(TestScenario.java:33)
at saucelab.tests.TestScenario.tearDown(TestScenario.java:33)
at saucelab.tests.TestScenario.tearDown(TestScenario.java:33)
at saucelab.tests.TestScenario.tearDown(TestScenario.java:33)
at saucelab.tests.TestScenario.tearDown(TestScenario.java:33)
at saucelab.tests.TestScenario.tearDown(TestScenario.java:33)
at saucelab.tests.TestScenario.tearDown(TestScenario.java:33)
at saucelab.tests.TestScenario.tearDown(TestScenario.java:33)
at saucelab.tests.TestScenario.tearDown(TestScenario.java:33)
at saucelab.tests.TestScenario.tearDown(TestScenario.java:33)
at saucelab.tests.TestScenario.tearDown(TestScenario.java:33)
at saucelab.tests.TestScenario.tearDown(TestScenario.java:33)
at saucelab.tests.TestScenario.tearDown(TestScenario.java:33)
at saucelab.tests.TestScenario.tearDown(TestScenario.java:33)
at saucelab.tests.TestScenario.tearDown(TestScenario.java:33)
at saucelab.tests.TestScenario.tearDown(TestScenario.java:33)
at saucelab.tests.TestScenario.tearDown(TestScenario.java:33)
at saucelab.tests.TestScenario.tearDown(TestScenario.java:33)
at saucelab.tests.TestScenario.tearDown(TestScenario.java:33)
at saucelab.tests.TestScenario.tearDown(TestScenario.java:33)
at saucelab.tests.TestScenario.tearDown(TestScenario.java:33)
at saucelab.tests.TestScenario.tearDown(TestScenario.java:33)
at saucelab.tests.TestScenario.tearDown(TestScenario.java:33)
at saucelab.tests.TestScenario.tearDown(TestScenario.java:33)
at saucelab.tests.TestScenario.tearDown(TestScenario.java:33)
at saucelab.tests.TestScenario.tearDown(TestScenario.java:33)
at saucelab.tests.TestScenario.tearDown(TestScenario.java:33)
at saucelab.tests.TestScenario.tearDown(TestScenario.java:33)
at saucelab.tests.TestScenario.tearDown(TestScenario.java:33)
at saucelab.tests.TestScenario.tearDown(TestScenario.java:33)
at saucelab.tests.TestScenario.tearDown(TestScenario.java:33)
at saucelab.tests.TestScenario.tearDown(TestScenario.java:33)
at saucelab.tests.TestScenario.tearDown(TestScenario.java:33)
at saucelab.tests.TestScenario.tearDown(TestScenario.java:33)
at saucelab.tests.TestScenario.tearDown(TestScenario.java:33)
at saucelab.tests.TestScenario.tearDown(TestScenario.java:33)
at saucelab.tests.TestScenario.tearDown(TestScenario.java:33)
at saucelab.tests.TestScenario.tearDown(TestScenario.java:33)
at saucelab.tests.TestScenario.tearDown(TestScenario.java:33)
at saucelab.tests.TestScenario.tearDown(TestScenario.java:33)
at saucelab.tests.TestScenario.tearDown(TestScenario.java:33)
at saucelab.tests.TestScenario.tearDown(TestScenario.java:33)
at saucelab.tests.TestScenario.tearDown(TestScenario.java:33)
at saucelab.tests.TestScenario.tearDown(TestScenario.java:33)
at saucelab.tests.TestScenario.tearDown(TestScenario.java:33)
at saucelab.tests.TestScenario.tearDown(TestScenario.java:33)
at saucelab.tests.TestScenario.tearDown(TestScenario.java:33)
at saucelab.tests.TestScenario.tearDown(TestScenario.java:33)
at saucelab.tests.TestScenario.tearDown(TestScenario.java:33)
at saucelab.tests.TestScenario.tearDown(TestScenario.java:33)
at saucelab.tests.TestScenario.tearDown(TestScenario.java:33)
at saucelab.tests.TestScenario.tearDown(TestScenario.java:33)
at saucelab.tests.TestScenario.tearDown(TestScenario.java:33)
at saucelab.tests.TestScenario.tearDown(TestScenario.java:33)
at saucelab.tests.TestScenario.tearDown(TestScenario.java:33)
at saucelab.tests.TestScenario.tearDown(TestScenario.java:33)
at saucelab.tests.TestScenario.tearDown(TestScenario.java:33)
at saucelab.tests.TestScenario.tearDown(TestScenario.java:33)
at saucelab.tests.TestScenario.tearDown(TestScenario.java:33)
at saucelab.tests.TestScenario.tearDown(TestScenario.java:33)
at saucelab.tests.TestScenario.tearDown(TestScenario.java:33)
at saucelab.tests.TestScenario.tearDown(TestScenario.java:33)
at saucelab.tests.TestScenario.tearDown(TestScenario.java:33)
at saucelab.tests.TestScenario.tearDown(TestScenario.java:33)
at saucelab.tests.TestScenario.tearDown(TestScenario.java:33)
at saucelab.tests.TestScenario.tearDown(TestScenario.java:33)
at saucelab.tests.TestScenario.tearDown(TestScenario.java:33)
at saucelab.tests.TestScenario.tearDown(TestScenario.java:33)
at saucelab.tests.TestScenario.tearDown(TestScenario.java:33)
at saucelab.tests.TestScenario.tearDown(TestScenario.java:33)
at saucelab.tests.TestScenario.tearDown(TestScenario.java:33)
at saucelab.tests.TestScenario.tearDown(TestScenario.java:33)
at saucelab.tests.TestScenario.tearDown(TestScenario.java:33)
at saucelab.tests.TestScenario.tearDown(TestScenario.java:33)
at saucelab.tests.TestScenario.tearDown(TestScenario.java:33)
at saucelab.tests.TestScenario.tearDown(TestScenario.java:33)
at saucelab.tests.TestScenario.tearDown(TestScenario.java:33)
at saucelab.tests.TestScenario.tearDown(TestScenario.java:33)
at saucelab.tests.TestScenario.tearDown(TestScenario.java:33)
at saucelab.tests.TestScenario.tearDown(TestScenario.java:33)
at saucelab.tests.TestScenario.tearDown(TestScenario.java:33)
at saucelab.tests.TestScenario.tearDown(TestScenario.java:33)
at saucelab.tests.TestScenario.tearDown(TestScenario.java:33)
at saucelab.tests.TestScenario.tearDown(TestScenario.java:33)
at saucelab.tests.TestScenario.tearDown(TestScenario.java:33)
at saucelab.tests.TestScenario.tearDown(TestScenario.java:33)
at saucelab.tests.TestScenario.tearDown(TestScenario.java:33)
at saucelab.tests.TestScenario.tearDown(TestScenario.java:33)
at saucelab.tests.TestScenario.tearDown(TestScenario.java:33)
at saucelab.tests.TestScenario.tearDown(TestScenario.java:33)
at saucelab.tests.TestScenario.tearDown(TestScenario.java:33)
at saucelab.tests.TestScenario.tearDown(TestScenario.java:33)
at saucelab.tests.TestScenario.tearDown(TestScenario.java:33)
at saucelab.tests.TestScenario.tearDown(TestScenario.java:33)
at saucelab.tests.TestScenario.tearDown(TestScenario.java:33)
at saucelab.tests.TestScenario.tearDown(TestScenario.java:33)
at saucelab.tests.TestScenario.tearDown(TestScenario.java:33)
at saucelab.tests.TestScenario.tearDown(TestScenario.java:33)
at saucelab.tests.TestScenario.tearDown(TestScenario.java:33)
at saucelab.tests.TestScenario.tearDown(TestScenario.java:33)
at saucelab.tests.TestScenario.tearDown(TestScenario.java:33)
at saucelab.tests.TestScenario.tearDown(TestScenario.java:33)
at saucelab.tests.TestScenario.tearDown(TestScenario.java:33)
at saucelab.tests.TestScenario.tearDown(TestScenario.java:33)
at saucelab.tests.TestScenario.tearDown(TestScenario.java:33)
at saucelab.tests.TestScenario.tearDown(TestScenario.java:33)
at saucelab.tests.TestScenario.tearDown(TestScenario.java:33)
at saucelab.tests.TestScenario.tearDown(TestScenario.java:33)
at saucelab.tests.TestScenario.tearDown(TestScenario.java:33)
at saucelab.tests.TestScenario.tearDown(TestScenario.java:33)
at saucelab.tests.TestScenario.tearDown(TestScenario.java:33)
at saucelab.tests.TestScenario.tearDown(TestScenario.java:33)
at saucelab.tests.TestScenario.tearDown(TestScenario.java:33)
at saucelab.tests.TestScenario.tearDown(TestScenario.java:33)
at saucelab.tests.TestScenario.tearDown(TestScenario.java:33)
at saucelab.tests.TestScenario.tearDown(TestScenario.java:33)
at saucelab.tests.TestScenario.tearDown(TestScenario.java:33)
at saucelab.tests.TestScenario.tearDown(TestScenario.java:33)
at saucelab.tests.TestScenario.tearDown(TestScenario.java:33)
at saucelab.tests.TestScenario.tearDown(TestScenario.java:33)
at saucelab.tests.TestScenario.tearDown(TestScenario.java:33)
at saucelab.tests.TestScenario.tearDown(TestScenario.java:33)
at saucelab.tests.TestScenario.tearDown(TestScenario.java:33)
at saucelab.tests.TestScenario.tearDown(TestScenario.java:33)
at saucelab.tests.TestScenario.tearDown(TestScenario.java:33)
at saucelab.tests.TestScenario.tearDown(TestScenario.java:33)
at saucelab.tests.TestScenario.tearDown(TestScenario.java:33)
at saucelab.tests.TestScenario.tearDown(TestScenario.java:33)
at saucelab.tests.TestScenario.tearDown(TestScenario.java:33)
at saucelab.tests.TestScenario.tearDown(TestScenario.java:33)
at saucelab.tests.TestScenario.tearDown(TestScenario.java:33)
at saucelab.tests.TestScenario.tearDown(TestScenario.java:33)
at saucelab.tests.TestScenario.tearDown(TestScenario.java:33)
at saucelab.tests.TestScenario.tearDown(TestScenario.java:33)
at saucelab.tests.TestScenario.tearDown(TestScenario.java:33)
at saucelab.tests.TestScenario.tearDown(TestScenario.java:33)
at saucelab.tests.TestScenario.tearDown(TestScenario.java:33)
at saucelab.tests.TestScenario.tearDown(TestScenario.java:33)
at saucelab.tests.TestScenario.tearDown(TestScenario.java:33)
at saucelab.tests.TestScenario.tearDown(TestScenario.java:33)
at saucelab.tests.TestScenario.tearDown(TestScenario.java:33)
at saucelab.tests.TestScenario.tearDown(TestScenario.java:33)
at saucelab.tests.TestScenario.tearDown(TestScenario.java:33)
at saucelab.tests.TestScenario.tearDown(TestScenario.java:33)
at saucelab.tests.TestScenario.tearDown(TestScenario.java:33)
at saucelab.tests.TestScenario.tearDown(TestScenario.java:33)
at saucelab.tests.TestScenario.tearDown(TestScenario.java:33)
at saucelab.tests.TestScenario.tearDown(TestScenario.java:33)
at saucelab.tests.TestScenario.tearDown(TestScenario.java:33)
at saucelab.tests.TestScenario.tearDown(TestScenario.java:33)
at saucelab.tests.TestScenario.tearDown(TestScenario.java:33)
at saucelab.tests.TestScenario.tearDown(TestScenario.java:33)
at saucelab.tests.TestScenario.tearDown(TestScenario.java:33)
at saucelab.tests.TestScenario.tearDown(TestScenario.java:33)
at saucelab.tests.TestScenario.tearDown(TestScenario.java:33)
at saucelab.tests.TestScenario.tearDown(TestScenario.java:33)
at saucelab.tests.TestScenario.tearDown(TestScenario.java:33)
at saucelab.tests.TestScenario.tearDown(TestScenario.java:33)
at saucelab.tests.TestScenario.tearDown(TestScenario.java:33)
at saucelab.tests.TestScenario.tearDown(TestScenario.java:33)
at saucelab.tests.TestScenario.tearDown(TestScenario.java:33)
at saucelab.tests.TestScenario.tearDown(TestScenario.java:33)
at saucelab.tests.TestScenario.tearDown(TestScenario.java:33)
at saucelab.tests.TestScenario.tearDown(TestScenario.java:33)
at saucelab.tests.TestScenario.tearDown(TestScenario.java:33)
at saucelab.tests.TestScenario.tearDown(TestScenario.java:33)
at saucelab.tests.TestScenario.tearDown(TestScenario.java:33)
at saucelab.tests.TestScenario.tearDown(TestScenario.java:33)
at saucelab.tests.TestScenario.tearDown(TestScenario.java:33)
at saucelab.tests.TestScenario.tearDown(TestScenario.java:33)
at saucelab.tests.TestScenario.tearDown(TestScenario.java:33)
at saucelab.tests.TestScenario.tearDown(TestScenario.java:33)
at saucelab.tests.TestScenario.tearDown(TestScenario.java:33)
at saucelab.tests.TestScenario.tearDown(TestScenario.java:33)
at saucelab.tests.TestScenario.tearDown(TestScenario.java:33)
at saucelab.tests.TestScenario.tearDown(TestScenario.java:33)
at saucelab.tests.TestScenario.tearDown(TestScenario.java:33)
at saucelab.tests.TestScenario.tearDown(TestScenario.java:33)
at saucelab.tests.TestScenario.tearDown(TestScenario.java:33)
at saucelab.tests.TestScenario.tearDown(TestScenario.java:33)
at saucelab.tests.TestScenario.tearDown(TestScenario.java:33)
at saucelab.tests.TestScenario.tearDown(TestScenario.java:33)
at saucelab.tests.TestScenario.tearDown(TestScenario.java:33)
at saucelab.tests.TestScenario.tearDown(TestScenario.java:33)
at saucelab.tests.TestScenario.tearDown(TestScenario.java:33)
at saucelab.tests.TestScenario.tearDown(TestScenario.java:33)
at saucelab.tests.TestScenario.tearDown(TestScenario.java:33)
at saucelab.tests.TestScenario.tearDown(TestScenario.java:33)
at saucelab.tests.TestScenario.tearDown(TestScenario.java:33)
at saucelab.tests.TestScenario.tearDown(TestScenario.java:33)
at saucelab.tests.TestScenario.tearDown(TestScenario.java:33)
at saucelab.tests.TestScenario.tearDown(TestScenario.java:33)
at saucelab.tests.TestScenario.tearDown(TestScenario.java:33)
at saucelab.tests.TestScenario.tearDown(TestScenario.java:33)
at saucelab.tests.TestScenario.tearDown(TestScenario.java:33)
at saucelab.tests.TestScenario.tearDown(TestScenario.java:33)
at saucelab.tests.TestScenario.tearDown(TestScenario.java:33)
at saucelab.tests.TestScenario.tearDown(TestScenario.java:33)
at saucelab.tests.TestScenario.tearDown(TestScenario.java:33)
at saucelab.tests.TestScenario.tearDown(TestScenario.java:33)
at saucelab.tests.TestScenario.tearDown(TestScenario.java:33)
at saucelab.tests.TestScenario.tearDown(TestScenario.java:33)
at saucelab.tests.TestScenario.tearDown(TestScenario.java:33)
at saucelab.tests.TestScenario.tearDown(TestScenario.java:33)
at saucelab.tests.TestScenario.tearDown(TestScenario.java:33)
at saucelab.tests.TestScenario.tearDown(TestScenario.java:33)
at saucelab.tests.TestScenario.tearDown(TestScenario.java:33)
at saucelab.tests.TestScenario.tearDown(TestScenario.java:33)
at saucelab.tests.TestScenario.tearDown(TestScenario.java:33)
at saucelab.tests.TestScenario.tearDown(TestScenario.java:33)
at saucelab.tests.TestScenario.tearDown(TestScenario.java:33)
at saucelab.tests.TestScenario.tearDown(TestScenario.java:33)
at saucelab.tests.TestScenario.tearDown(TestScenario.java:33)
at saucelab.tests.TestScenario.tearDown(TestScenario.java:33)
at saucelab.tests.TestScenario.tearDown(TestScenario.java:33)
at saucelab.tests.TestScenario.tearDown(TestScenario.java:33)
at saucelab.tests.TestScenario.tearDown(TestScenario.java:33)
at saucelab.tests.TestScenario.tearDown(TestScenario.java:33)
at saucelab.tests.TestScenario.tearDown(TestScenario.java:33)
at saucelab.tests.TestScenario.tearDown(TestScenario.java:33)
at saucelab.tests.TestScenario.tearDown(TestScenario.java:33)
at saucelab.tests.TestScenario.tearDown(TestScenario.java:33)
at saucelab.tests.TestScenario.tearDown(TestScenario.java:33)
at saucelab.tests.TestScenario.tearDown(TestScenario.java:33)
at saucelab.tests.TestScenario.tearDown(TestScenario.java:33)
at saucelab.tests.TestScenario.tearDown(TestScenario.java:33)
at saucelab.tests.TestScenario.tearDown(TestScenario.java:33)
at saucelab.tests.TestScenario.tearDown(TestScenario.java:33)
at saucelab.tests.TestScenario.tearDown(TestScenario.java:33)
at saucelab.tests.TestScenario.tearDown(TestScenario.java:33)
at saucelab.tests.TestScenario.tearDown(TestScenario.java:33)
at saucelab.tests.TestScenario.tearDown(TestScenario.java:33)
at saucelab.tests.TestScenario.tearDown(TestScenario.java:33)
at saucelab.tests.TestScenario.tearDown(TestScenario.java:33)
at saucelab.tests.TestScenario.tearDown(TestScenario.java:33)
at saucelab.tests.TestScenario.tearDown(TestScenario.java:33)
at saucelab.tests.TestScenario.tearDown(TestScenario.java:33)
at saucelab.tests.TestScenario.tearDown(TestScenario.java:33)
at saucelab.tests.TestScenario.tearDown(TestScenario.java:33)
at saucelab.tests.TestScenario.tearDown(TestScenario.java:33)
at saucelab.tests.TestScenario.tearDown(TestScenario.java:33)
at saucelab.tests.TestScenario.tearDown(TestScenario.java:33)
at saucelab.tests.TestScenario.tearDown(TestScenario.java:33)
at saucelab.tests.TestScenario.tearDown(TestScenario.java:33)
at saucelab.tests.TestScenario.tearDown(TestScenario.java:33)
at saucelab.tests.TestScenario.tearDown(TestScenario.java:33)
at saucelab.tests.TestScenario.tearDown(TestScenario.java:33)
at saucelab.tests.TestScenario.tearDown(TestScenario.java:33)
at saucelab.tests.TestScenario.tearDown(TestScenario.java:33)
at saucelab.tests.TestScenario.tearDown(TestScenario.java:33)
at saucelab.tests.TestScenario.tearDown(TestScenario.java:33)
at saucelab.tests.TestScenario.tearDown(TestScenario.java:33)
at saucelab.tests.TestScenario.tearDown(TestScenario.java:33)
at saucelab.tests.TestScenario.tearDown(TestScenario.java:33)
at saucelab.tests.TestScenario.tearDown(TestScenario.java:33)
at saucelab.tests.TestScenario.tearDown(TestScenario.java:33)
at saucelab.tests.TestScenario.tearDown(TestScenario.java:33)
at saucelab.tests.TestScenario.tearDown(TestScenario.java:33)
at saucelab.tests.TestScenario.tearDown(TestScenario.java:33)
at saucelab.tests.TestScenario.tearDown(TestScenario.java:33)
at saucelab.tests.TestScenario.tearDown(TestScenario.java:33)
at saucelab.tests.TestScenario.tearDown(TestScenario.java:33)
at saucelab.tests.TestScenario.tearDown(TestScenario.java:33)
at saucelab.tests.TestScenario.tearDown(TestScenario.java:33)
at saucelab.tests.TestScenario.tearDown(TestScenario.java:33)
at saucelab.tests.TestScenario.tearDown(TestScenario.java:33)
at saucelab.tests.TestScenario.tearDown(TestScenario.java:33)
at saucelab.tests.TestScenario.tearDown(TestScenario.java:33)
at saucelab.tests.TestScenario.tearDown(TestScenario.java:33)
at saucelab.tests.TestScenario.tearDown(TestScenario.java:33)
at saucelab.tests.TestScenario.tearDown(TestScenario.java:33)
at saucelab.tests.TestScenario.tearDown(TestScenario.java:33)
at saucelab.tests.TestScenario.tearDown(TestScenario.java:33)
at saucelab.tests.TestScenario.tearDown(TestScenario.java:33)
at saucelab.tests.TestScenario.tearDown(TestScenario.java:33)
at saucelab.tests.TestScenario.tearDown(TestScenario.java:33)
at saucelab.tests.TestScenario.tearDown(TestScenario.java:33)
at saucelab.tests.TestScenario.tearDown(TestScenario.java:33)
at saucelab.tests.TestScenario.tearDown(TestScenario.java:33)
at saucelab.tests.TestScenario.tearDown(TestScenario.java:33)
at saucelab.tests.TestScenario.tearDown(TestScenario.java:33)
at saucelab.tests.TestScenario.tearDown(TestScenario.java:33)
at saucelab.tests.TestScenario.tearDown(TestScenario.java:33)
at saucelab.tests.TestScenario.tearDown(TestScenario.java:33)
at saucelab.tests.TestScenario.tearDown(TestScenario.java:33)
at saucelab.tests.TestScenario.tearDown(TestScenario.java:33)
at saucelab.tests.TestScenario.tearDown(TestScenario.java:33)
at saucelab.tests.TestScenario.tearDown(TestScenario.java:33)
at saucelab.tests.TestScenario.tearDown(TestScenario.java:33)
at saucelab.tests.TestScenario.tearDown(TestScenario.java:33)
at saucelab.tests.TestScenario.tearDown(TestScenario.java:33)
at saucelab.tests.TestScenario.tearDown(TestScenario.java:33)
at saucelab.tests.TestScenario.tearDown(TestScenario.java:33)
at saucelab.tests.TestScenario.tearDown(TestScenario.java:33)
at saucelab.tests.TestScenario.tearDown(TestScenario.java:33)
at saucelab.tests.TestScenario.tearDown(TestScenario.java:33)
at saucelab.tests.TestScenario.tearDown(TestScenario.java:33)
at saucelab.tests.TestScenario.tearDown(TestScenario.java:33)
at saucelab.tests.TestScenario.tearDown(TestScenario.java:33)
at saucelab.tests.TestScenario.tearDown(TestScenario.java:33)
at saucelab.tests.TestScenario.tearDown(TestScenario.java:33)
at saucelab.tests.TestScenario.tearDown(TestScenario.java:33)
at saucelab.tests.TestScenario.tearDown(TestScenario.java:33)
at saucelab.tests.TestScenario.tearDown(TestScenario.java:33)
at saucelab.tests.TestScenario.tearDown(TestScenario.java:33)
at saucelab.tests.TestScenario.tearDown(TestScenario.java:33)
at saucelab.tests.TestScenario.tearDown(TestScenario.java:33)
at saucelab.tests.TestScenario.tearDown(TestScenario.java:33)
at saucelab.tests.TestScenario.tearDown(TestScenario.java:33)
at saucelab.tests.TestScenario.tearDown(TestScenario.java:33)
at saucelab.tests.TestScenario.tearDown(TestScenario.java:33)
at saucelab.tests.TestScenario.tearDown(TestScenario.java:33)
at saucelab.tests.TestScenario.tearDown(TestScenario.java:33)
at saucelab.tests.TestScenario.tearDown(TestScenario.java:33)
at saucelab.tests.TestScenario.tearDown(TestScenario.java:33)
at saucelab.tests.TestScenario.tearDown(TestScenario.java:33)
at saucelab.tests.TestScenario.tearDown(TestScenario.java:33)
at saucelab.tests.TestScenario.tearDown(TestScenario.java:33)
at saucelab.tests.TestScenario.tearDown(TestScenario.java:33)
at saucelab.tests.TestScenario.tearDown(TestScenario.java:33)
at saucelab.tests.TestScenario.tearDown(TestScenario.java:33)
at saucelab.tests.TestScenario.tearDown(TestScenario.java:33)
at saucelab.tests.TestScenario.tearDown(TestScenario.java:33)
at saucelab.tests.TestScenario.tearDown(TestScenario.java:33)
at saucelab.tests.TestScenario.tearDown(TestScenario.java:33)
at saucelab.tests.TestScenario.tearDown(TestScenario.java:33)
at saucelab.tests.TestScenario.tearDown(TestScenario.java:33)
at saucelab.tests.TestScenario.tearDown(TestScenario.java:33)
at saucelab.tests.TestScenario.tearDown(TestScenario.java:33)
at saucelab.tests.TestScenario.tearDown(TestScenario.java:33)
at saucelab.tests.TestScenario.tearDown(TestScenario.java:33)
at saucelab.tests.TestScenario.tearDown(TestScenario.java:33)
at saucelab.tests.TestScenario.tearDown(TestScenario.java:33)
at saucelab.tests.TestScenario.tearDown(TestScenario.java:33)
at saucelab.tests.TestScenario.tearDown(TestScenario.java:33)
at saucelab.tests.TestScenario.tearDown(TestScenario.java:33)
at saucelab.tests.TestScenario.tearDown(TestScenario.java:33)
at saucelab.tests.TestScenario.tearDown(TestScenario.java:33)
at saucelab.tests.TestScenario.tearDown(TestScenario.java:33)
at saucelab.tests.TestScenario.tearDown(TestScenario.java:33)
at saucelab.tests.TestScenario.tearDown(TestScenario.java:33)
at saucelab.tests.TestScenario.tearDown(TestScenario.java:33)
at saucelab.tests.TestScenario.tearDown(TestScenario.java:33)
at saucelab.tests.TestScenario.tearDown(TestScenario.java:33)
at saucelab.tests.TestScenario.tearDown(TestScenario.java:33)
at saucelab.tests.TestScenario.tearDown(TestScenario.java:33)
at saucelab.tests.TestScenario.tearDown(TestScenario.java:33)
at saucelab.tests.TestScenario.tearDown(TestScenario.java:33)
at saucelab.tests.TestScenario.tearDown(TestScenario.java:33)
at saucelab.tests.TestScenario.tearDown(TestScenario.java:33)
at saucelab.tests.TestScenario.tearDown(TestScenario.java:33)
at saucelab.tests.TestScenario.tearDown(TestScenario.java:33)
at saucelab.tests.TestScenario.tearDown(TestScenario.java:33)
at saucelab.tests.TestScenario.tearDown(TestScenario.java:33)
at saucelab.tests.TestScenario.tearDown(TestScenario.java:33)
at saucelab.tests.TestScenario.tearDown(TestScenario.java:33)
at saucelab.tests.TestScenario.tearDown(TestScenario.java:33)
at saucelab.tests.TestScenario.tearDown(TestScenario.java:33)
at saucelab.tests.TestScenario.tearDown(TestScenario.java:33)
at saucelab.tests.TestScenario.tearDown(TestScenario.java:33)
at saucelab.tests.TestScenario.tearDown(TestScenario.java:33)
at saucelab.tests.TestScenario.tearDown(TestScenario.java:33)
at saucelab.tests.TestScenario.tearDown(TestScenario.java:33)
at saucelab.tests.TestScenario.tearDown(TestScenario.java:33)
at saucelab.tests.TestScenario.tearDown(TestScenario.java:33)
at saucelab.tests.TestScenario.tearDown(TestScenario.java:33)
at saucelab.tests.TestScenario.tearDown(TestScenario.java:33)
at saucelab.tests.TestScenario.tearDown(TestScenario.java:33)
at saucelab.tests.TestScenario.tearDown(TestScenario.java:33)
at saucelab.tests.TestScenario.tearDown(TestScenario.java:33)
at saucelab.tests.TestScenario.tearDown(TestScenario.java:33)
at saucelab.tests.TestScenario.tearDown(TestScenario.java:33)
at saucelab.tests.TestScenario.tearDown(TestScenario.java:33)
at saucelab.tests.TestScenario.tearDown(TestScenario.java:33)
at saucelab.tests.TestScenario.tearDown(TestScenario.java:33)
at saucelab.tests.TestScenario.tearDown(TestScenario.java:33)
at saucelab.tests.TestScenario.tearDown(TestScenario.java:33)
at saucelab.tests.TestScenario.tearDown(TestScenario.java:33)
at saucelab.tests.TestScenario.tearDown(TestScenario.java:33)
at saucelab.tests.TestScenario.tearDown(TestScenario.java:33)
at saucelab.tests.TestScenario.tearDown(TestScenario.java:33)
at saucelab.tests.TestScenario.tearDown(TestScenario.java:33)
at saucelab.tests.TestScenario.tearDown(TestScenario.java:33)
at saucelab.tests.TestScenario.tearDown(TestScenario.java:33)
at saucelab.tests.TestScenario.tearDown(TestScenario.java:33)
at saucelab.tests.TestScenario.tearDown(TestScenario.java:33)
at saucelab.tests.TestScenario.tearDown(TestScenario.java:33)
at saucelab.tests.TestScenario.tearDown(TestScenario.java:33)
at saucelab.tests.TestScenario.tearDown(TestScenario.java:33)
at saucelab.tests.TestScenario.tearDown(TestScenario.java:33)
at saucelab.tests.TestScenario.tearDown(TestScenario.java:33)
at saucelab.tests.TestScenario.tearDown(TestScenario.java:33)
at saucelab.tests.TestScenario.tearDown(TestScenario.java:33)
at saucelab.tests.TestScenario.tearDown(TestScenario.java:33)
at saucelab.tests.TestScenario.tearDown(TestScenario.java:33)
at saucelab.tests.TestScenario.tearDown(TestScenario.java:33)
at saucelab.tests.TestScenario.tearDown(TestScenario.java:33)
at saucelab.tests.TestScenario.tearDown(TestScenario.java:33)
at saucelab.tests.TestScenario.tearDown(TestScenario.java:33)
at saucelab.tests.TestScenario.tearDown(TestScenario.java:33)
at saucelab.tests.TestScenario.tearDown(TestScenario.java:33)
at saucelab.tests.TestScenario.tearDown(TestScenario.java:33)
at saucelab.tests.TestScenario.tearDown(TestScenario.java:33)
at saucelab.tests.TestScenario.tearDown(TestScenario.java:33)
at saucelab.tests.TestScenario.tearDown(TestScenario.java:33)
at saucelab.tests.TestScenario.tearDown(TestScenario.java:33)
at saucelab.tests.TestScenario.tearDown(TestScenario.java:33)
at saucelab.tests.TestScenario.tearDown(TestScenario.java:33)
at saucelab.tests.TestScenario.tearDown(TestScenario.java:33)
at saucelab.tests.TestScenario.tearDown(TestScenario.java:33)
at saucelab.tests.TestScenario.tearDown(TestScenario.java:33)
at saucelab.tests.TestScenario.tearDown(TestScenario.java:33)
at saucelab.tests.TestScenario.tearDown(TestScenario.java:33)
at saucelab.tests.TestScenario.tearDown(TestScenario.java:33)
at saucelab.tests.TestScenario.tearDown(TestScenario.java:33)
at saucelab.tests.TestScenario.tearDown(TestScenario.java:33)
at saucelab.tests.TestScenario.tearDown(TestScenario.java:33)
at saucelab.tests.TestScenario.tearDown(TestScenario.java:33)
at saucelab.tests.TestScenario.tearDown(TestScenario.java:33)
at saucelab.tests.TestScenario.tearDown(TestScenario.java:33)
at saucelab.tests.TestScenario.tearDown(TestScenario.java:33)
at saucelab.tests.TestScenario.tearDown(TestScenario.java:33)
at saucelab.tests.TestScenario.tearDown(TestScenario.java:33)
at saucelab.tests.TestScenario.tearDown(TestScenario.java:33)
at saucelab.tests.TestScenario.tearDown(TestScenario.java:33)
at saucelab.tests.TestScenario.tearDown(TestScenario.java:33)
at saucelab.tests.TestScenario.tearDown(TestScenario.java:33)
at saucelab.tests.TestScenario.tearDown(TestScenario.java:33)
at saucelab.tests.TestScenario.tearDown(TestScenario.java:33)
at saucelab.tests.TestScenario.tearDown(TestScenario.java:33)
at saucelab.tests.TestScenario.tearDown(TestScenario.java:33)
at saucelab.tests.TestScenario.tearDown(TestScenario.java:33)
at saucelab.tests.TestScenario.tearDown(TestScenario.java:33)
at saucelab.tests.TestScenario.tearDown(TestScenario.java:33)
at saucelab.tests.TestScenario.tearDown(TestScenario.java:33)
at saucelab.tests.TestScenario.tearDown(TestScenario.java:33)
at saucelab.tests.TestScenario.tearDown(TestScenario.java:33)
at saucelab.tests.TestScenario.tearDown(TestScenario.java:33)
at saucelab.tests.TestScenario.tearDown(TestScenario.java:33)
at saucelab.tests.TestScenario.tearDown(TestScenario.java:33)
at saucelab.tests.TestScenario.tearDown(TestScenario.java:33)
at saucelab.tests.TestScenario.tearDown(TestScenario.java:33)
at saucelab.tests.TestScenario.tearDown(TestScenario.java:33)
at saucelab.tests.TestScenario.tearDown(TestScenario.java:33)
at saucelab.tests.TestScenario.tearDown(TestScenario.java:33)
at saucelab.tests.TestScenario.tearDown(TestScenario.java:33)
at saucelab.tests.TestScenario.tearDown(TestScenario.java:33)
at saucelab.tests.TestScenario.tearDown(TestScenario.java:33)
at saucelab.tests.TestScenario.tearDown(TestScenario.java:33)
at saucelab.tests.TestScenario.tearDown(TestScenario.java:33)
at saucelab.tests.TestScenario.tearDown(TestScenario.java:33)
at saucelab.tests.TestScenario.tearDown(TestScenario.java:33)
at saucelab.tests.TestScenario.tearDown(TestScenario.java:33)
at saucelab.tests.TestScenario.tearDown(TestScenario.java:33)
at saucelab.tests.TestScenario.tearDown(TestScenario.java:33)
at saucelab.tests.TestScenario.tearDown(TestScenario.java:33)
at saucelab.tests.TestScenario.tearDown(TestScenario.java:33)
at saucelab.tests.TestScenario.tearDown(TestScenario.java:33)
at saucelab.tests.TestScenario.tearDown(TestScenario.java:33)
at saucelab.tests.TestScenario.tearDown(TestScenario.java:33)
at saucelab.tests.TestScenario.tearDown(TestScenario.java:33)
at saucelab.tests.TestScenario.tearDown(TestScenario.java:33)
at saucelab.tests.TestScenario.tearDown(TestScenario.java:33)
at saucelab.tests.TestScenario.tearDown(TestScenario.java:33)
at saucelab.tests.TestScenario.tearDown(TestScenario.java:33)
at saucelab.tests.TestScenario.tearDown(TestScenario.java:33)
at saucelab.tests.TestScenario.tearDown(TestScenario.java:33)
at saucelab.tests.TestScenario.tearDown(TestScenario.java:33)
at saucelab.tests.TestScenario.tearDown(TestScenario.java:33)
at saucelab.tests.TestScenario.tearDown(TestScenario.java:33)
at saucelab.tests.TestScenario.tearDown(TestScenario.java:33)
at saucelab.tests.TestScenario.tearDown(TestScenario.java:33)
at saucelab.tests.TestScenario.tearDown(TestScenario.java:33)
at saucelab.tests.TestScenario.tearDown(TestScenario.java:33)
at saucelab.tests.TestScenario.tearDown(TestScenario.java:33)
at saucelab.tests.TestScenario.tearDown(TestScenario.java:33)
at saucelab.tests.TestScenario.tearDown(TestScenario.java:33)
at saucelab.tests.TestScenario.tearDown(TestScenario.java:33)
at saucelab.tests.TestScenario.tearDown(TestScenario.java:33)
at saucelab.tests.TestScenario.tearDown(TestScenario.java:33)
at saucelab.tests.TestScenario.tearDown(TestScenario.java:33)
at saucelab.tests.TestScenario.tearDown(TestScenario.java:33)
at saucelab.tests.TestScenario.tearDown(TestScenario.java:33)
at saucelab.tests.TestScenario.tearDown(TestScenario.java:33)
at saucelab.tests.TestScenario.tearDown(TestScenario.java:33)
at saucelab.tests.TestScenario.tearDown(TestScenario.java:33)
at saucelab.tests.TestScenario.tearDown(TestScenario.java:33)
at saucelab.tests.TestScenario.tearDown(TestScenario.java:33)
at saucelab.tests.TestScenario.tearDown(TestScenario.java:33)
at saucelab.tests.TestScenario.tearDown(TestScenario.java:33)
at saucelab.tests.TestScenario.tearDown(TestScenario.java:33)
at saucelab.tests.TestScenario.tearDown(TestScenario.java:33)
at saucelab.tests.TestScenario.tearDown(TestScenario.java:33)
at saucelab.tests.TestScenario.tearDown(TestScenario.java:33)
at saucelab.tests.TestScenario.tearDown(TestScenario.java:33)
at saucelab.tests.TestScenario.tearDown(TestScenario.java:33)
at saucelab.tests.TestScenario.tearDown(TestScenario.java:33)
at saucelab.tests.TestScenario.tearDown(TestScenario.java:33)
at saucelab.tests.TestScenario.tearDown(TestScenario.java:33)
at saucelab.tests.TestScenario.tearDown(TestScenario.java:33)
at saucelab.tests.TestScenario.tearDown(TestScenario.java:33)
at saucelab.tests.TestScenario.tearDown(TestScenario.java:33)
at saucelab.tests.TestScenario.tearDown(TestScenario.java:33)
at saucelab.tests.TestScenario.tearDown(TestScenario.java:33)
at saucelab.tests.TestScenario.tearDown(TestScenario.java:33)
at saucelab.tests.TestScenario.tearDown(TestScenario.java:33)
at saucelab.tests.TestScenario.tearDown(TestScenario.java:33)
at saucelab.tests.TestScenario.tearDown(TestScenario.java:33)
at saucelab.tests.TestScenario.tearDown(TestScenario.java:33)
at saucelab.tests.TestScenario.tearDown(TestScenario.java:33)
at saucelab.tests.TestScenario.tearDown(TestScenario.java:33)
at saucelab.tests.TestScenario.tearDown(TestScenario.java:33)
at saucelab.tests.TestScenario.tearDown(TestScenario.java:33)
at saucelab.tests.TestScenario.tearDown(TestScenario.java:33)
at saucelab.tests.TestScenario.tearDown(TestScenario.java:33)
at saucelab.tests.TestScenario.tearDown(TestScenario.java:33)
at saucelab.tests.TestScenario.tearDown(TestScenario.java:33)
at saucelab.tests.TestScenario.tearDown(TestScenario.java:33)
at saucelab.tests.TestScenario.tearDown(TestScenario.java:33)
at saucelab.tests.TestScenario.tearDown(TestScenario.java:33)
at saucelab.tests.TestScenario.tearDown(TestScenario.java:33)
at saucelab.tests.TestScenario.tearDown(TestScenario.java:33)
at saucelab.tests.TestScenario.tearDown(TestScenario.java:33)
at saucelab.tests.TestScenario.tearDown(TestScenario.java:33)
at saucelab.tests.TestScenario.tearDown(TestScenario.java:33)
at saucelab.tests.TestScenario.tearDown(TestScenario.java:33)
at saucelab.tests.TestScenario.tearDown(TestScenario.java:33)
at saucelab.tests.TestScenario.tearDown(TestScenario.java:33)
at saucelab.tests.TestScenario.tearDown(TestScenario.java:33)
at saucelab.tests.TestScenario.tearDown(TestScenario.java:33)
at saucelab.tests.TestScenario.tearDown(TestScenario.java:33)
at saucelab.tests.TestScenario.tearDown(TestScenario.java:33)
at saucelab.tests.TestScenario.tearDown(TestScenario.java:33)
at saucelab.tests.TestScenario.tearDown(TestScenario.java:33)
at saucelab.tests.TestScenario.tearDown(TestScenario.java:33)
at saucelab.tests.TestScenario.tearDown(TestScenario.java:33)
at saucelab.tests.TestScenario.tearDown(TestScenario.java:33)
at saucelab.tests.TestScenario.tearDown(TestScenario.java:33)
at saucelab.tests.TestScenario.tearDown(TestScenario.java:33)
at saucelab.tests.TestScenario.tearDown(TestScenario.java:33)
at saucelab.tests.TestScenario.tearDown(TestScenario.java:33)
at saucelab.tests.TestScenario.tearDown(TestScenario.java:33)
at saucelab.tests.TestScenario.tearDown(TestScenario.java:33)
at saucelab.tests.TestScenario.tearDown(TestScenario.java:33)
at saucelab.tests.TestScenario.tearDown(TestScenario.java:33)
at saucelab.tests.TestScenario.tearDown(TestScenario.java:33)
at saucelab.tests.TestScenario.tearDown(TestScenario.java:33)
at saucelab.tests.TestScenario.tearDown(TestScenario.java:33)
at saucelab.tests.TestScenario.tearDown(TestScenario.java:33)
at saucelab.tests.TestScenario.tearDown(TestScenario.java:33)
at saucelab.tests.TestScenario.tearDown(TestScenario.java:33)
at saucelab.tests.TestScenario.tearDown(TestScenario.java:33)
at saucelab.tests.TestScenario.tearDown(TestScenario.java:33)
at saucelab.tests.TestScenario.tearDown(TestScenario.java:33)
at saucelab.tests.TestScenario.tearDown(TestScenario.java:33)
at saucelab.tests.TestScenario.tearDown(TestScenario.java:33)
at saucelab.tests.TestScenario.tearDown(TestScenario.java:33)
at saucelab.tests.TestScenario.tearDown(TestScenario.java:33)
at saucelab.tests.TestScenario.tearDown(TestScenario.java:33)
at saucelab.tests.TestScenario.tearDown(TestScenario.java:33)
at saucelab.tests.TestScenario.tearDown(TestScenario.java:33)
at saucelab.tests.TestScenario.tearDown(TestScenario.java:33)
at saucelab.tests.TestScenario.tearDown(TestScenario.java:33)
at saucelab.tests.TestScenario.tearDown(TestScenario.java:33)
at saucelab.tests.TestScenario.tearDown(TestScenario.java:33)
at saucelab.tests.TestScenario.tearDown(TestScenario.java:33)
at saucelab.tests.TestScenario.tearDown(TestScenario.java:33)
at saucelab.tests.TestScenario.tearDown(TestScenario.java:33)
at saucelab.tests.TestScenario.tearDown(TestScenario.java:33)
at saucelab.tests.TestScenario.tearDown(TestScenario.java:33)
at saucelab.tests.TestScenario.tearDown(TestScenario.java:33)
at saucelab.tests.TestScenario.tearDown(TestScenario.java:33)
at saucelab.tests.TestScenario.tearDown(TestScenario.java:33)
at saucelab.tests.TestScenario.tearDown(TestScenario.java:33)
at saucelab.tests.TestScenario.tearDown(TestScenario.java:33)
at saucelab.tests.TestScenario.tearDown(TestScenario.java:33)
at saucelab.tests.TestScenario.tearDown(TestScenario.java:33)
at saucelab.tests.TestScenario.tearDown(TestScenario.java:33)
at saucelab.tests.TestScenario.tearDown(TestScenario.java:33)
at saucelab.tests.TestScenario.tearDown(TestScenario.java:33)
at saucelab.tests.TestScenario.tearDown(TestScenario.java:33)
at saucelab.tests.TestScenario.tearDown(TestScenario.java:33)
at saucelab.tests.TestScenario.tearDown(TestScenario.java:33)
at saucelab.tests.TestScenario.tearDown(TestScenario.java:33)
at saucelab.tests.TestScenario.tearDown(TestScenario.java:33)
at saucelab.tests.TestScenario.tearDown(TestScenario.java:33)
at saucelab.tests.TestScenario.tearDown(TestScenario.java:33)
]]>
    </error>
  </testcase> <!-- tearDown -->
</testsuite> <!-- saucelab.tests.TestScenario -->
