<?xml version="1.0" encoding="UTF-8"?>
<!-- Generated by org.testng.reporters.JUnitReportReporter -->
<testsuite hostname="TGC-VRGNR-074" failures="0" tests="1" name="saucelab.tests.TestScenario" time="4.067" errors="0" timestamp="04 Sep 2023 08:38:40 GMT" skipped="0">
  <testcase classname="saucelab.tests.TestScenario" name="login" time="4.067"/>
</testsuite> <!-- saucelab.tests.TestScenario -->
